app/build/intermediates/manifest_merge_blame_file/debug/manifest-merger-blame-debug-report.txt
1<?xml version="1.0" encoding="utf-8"?>
2<manifest xmlns:android="http://schemas.android.com/apk/res/android"
3    package="com.c22_067.whatdishtoday"
4    android:versionCode="1"
5    android:versionName="1.0" >
6
7    <uses-sdk
8        android:minSdkVersion="27"
8-->src/main/AndroidManifest.xml
9        android:targetSdkVersion="32" />
9-->src/main/AndroidManifest.xml
10
11    <uses-permission android:name="android.permission.INTERNET" />
11-->src/main/AndroidManifest.xml:6:5-67
11-->src/main/AndroidManifest.xml:6:22-64
12
13    <application
13-->src/main/AndroidManifest.xml:8:5-68:19
14        android:allowBackup="true"
14-->src/main/AndroidManifest.xml:9:9-35
15        android:appComponentFactory="androidx.core.app.CoreComponentFactory"
15-->[androidx.core:core:1.8.0] AndroidManifest.xml:24:18-86
16        android:dataExtractionRules="@xml/data_extraction_rules"
16-->src/main/AndroidManifest.xml:10:9-65
17        android:debuggable="true"
18        android:extractNativeLibs="false"
19        android:fullBackupContent="@xml/backup_rules"
19-->src/main/AndroidManifest.xml:11:9-54
20        android:icon="@drawable/logo"
20-->src/main/AndroidManifest.xml:12:9-38
21        android:label="@string/app_name"
21-->src/main/AndroidManifest.xml:13:9-41
22        android:roundIcon="@drawable/logo"
22-->src/main/AndroidManifest.xml:14:9-43
23        android:supportsRtl="true"
23-->src/main/AndroidManifest.xml:15:9-35
24        android:testOnly="true"
25        android:theme="@style/Theme.WhatDishToday" >
25-->src/main/AndroidManifest.xml:16:9-51
26        <activity
26-->src/main/AndroidManifest.xml:18:9-20:40
27            android:name="com.c22_067.whatdishtoday.DetailRecipeActivity"
27-->src/main/AndroidManifest.xml:19:13-49
28            android:exported="false" />
28-->src/main/AndroidManifest.xml:20:13-37
29        <activity
29-->src/main/AndroidManifest.xml:21:9-29:20
30            android:name="com.c22_067.whatdishtoday.MainActivity"
30-->src/main/AndroidManifest.xml:22:13-41
31            android:exported="true" >
31-->src/main/AndroidManifest.xml:23:13-36
32            <intent-filter>
32-->src/main/AndroidManifest.xml:24:13-28:29
33                <action android:name="android.intent.action.MAIN" />
33-->src/main/AndroidManifest.xml:25:17-69
33-->src/main/AndroidManifest.xml:25:25-66
34
35                <category android:name="android.intent.category.LAUNCHER" />
35-->src/main/AndroidManifest.xml:27:17-77
35-->src/main/AndroidManifest.xml:27:27-74
36            </intent-filter>
37        </activity>
38        <activity
38-->src/main/AndroidManifest.xml:30:9-33:72
39            android:name="com.c22_067.whatdishtoday.ui.detail.DetailMenuActivity"
39-->src/main/AndroidManifest.xml:31:13-57
40            android:exported="false"
40-->src/main/AndroidManifest.xml:32:13-37
41            android:parentActivityName="ui.menu.MenuMakananActivity" />
41-->src/main/AndroidManifest.xml:33:13-69
42        <activity
42-->src/main/AndroidManifest.xml:34:9-40:20
43            android:name="com.c22_067.whatdishtoday.ui.home.HomeActivity"
43-->src/main/AndroidManifest.xml:35:13-49
44            android:exported="false" >
44-->src/main/AndroidManifest.xml:36:13-37
45            <meta-data
45-->src/main/AndroidManifest.xml:37:13-39:36
46                android:name="android.app.lib_name"
46-->src/main/AndroidManifest.xml:38:17-52
47                android:value="" />
47-->src/main/AndroidManifest.xml:39:17-33
48        </activity>
49        <activity
49-->src/main/AndroidManifest.xml:41:9-47:20
50            android:name="com.c22_067.whatdishtoday.ui.home.DetailRecipeActivity"
50-->src/main/AndroidManifest.xml:42:13-57
51            android:exported="false" >
51-->src/main/AndroidManifest.xml:43:13-37
52            <meta-data
52-->src/main/AndroidManifest.xml:37:13-39:36
53                android:name="android.app.lib_name"
53-->src/main/AndroidManifest.xml:38:17-52
54                android:value="" />
54-->src/main/AndroidManifest.xml:39:17-33
55        </activity>
56        <activity
56-->src/main/AndroidManifest.xml:48:9-54:20
57            android:name="com.c22_067.whatdishtoday.ui.favorite.FavoriteActivity"
57-->src/main/AndroidManifest.xml:49:13-57
58            android:exported="false" >
58-->src/main/AndroidManifest.xml:50:13-37
59            <meta-data
59-->src/main/AndroidManifest.xml:37:13-39:36
60                android:name="android.app.lib_name"
60-->src/main/AndroidManifest.xml:38:17-52
61                android:value="" />
61-->src/main/AndroidManifest.xml:39:17-33
62        </activity>
63        <activity
63-->src/main/AndroidManifest.xml:55:9-61:20
64            android:name="com.c22_067.whatdishtoday.ui.search.Search"
64-->src/main/AndroidManifest.xml:56:13-45
65            android:exported="false" >
65-->src/main/AndroidManifest.xml:57:13-37
66            <meta-data
66-->src/main/AndroidManifest.xml:37:13-39:36
67                android:name="android.app.lib_name"
67-->src/main/AndroidManifest.xml:38:17-52
68                android:value="" />
68-->src/main/AndroidManifest.xml:39:17-33
69        </activity>
70        <activity
70-->src/main/AndroidManifest.xml:62:9-64:40
71            android:name="com.c22_067.whatdishtoday.ui.login.LoginActivity"
71-->src/main/AndroidManifest.xml:63:13-51
72            android:exported="false" />
72-->src/main/AndroidManifest.xml:64:13-37
73        <activity
73-->src/main/AndroidManifest.xml:65:9-67:49
74            android:name="com.c22_067.whatdishtoday.ui.menu.MenuMakananActivity"
74-->src/main/AndroidManifest.xml:66:13-56
75            android:exported="false" />
75-->src/main/AndroidManifest.xml:67:13-37
76
77        <provider
77-->[androidx.emoji2:emoji2:1.2.0] AndroidManifest.xml:24:9-32:20
78            android:name="androidx.startup.InitializationProvider"
78-->[androidx.emoji2:emoji2:1.2.0] AndroidManifest.xml:25:13-67
79            android:authorities="com.c22_067.whatdishtoday.androidx-startup"
79-->[androidx.emoji2:emoji2:1.2.0] AndroidManifest.xml:26:13-68
80            android:exported="false" >
80-->[androidx.emoji2:emoji2:1.2.0] AndroidManifest.xml:27:13-37
81            <meta-data
81-->[androidx.emoji2:emoji2:1.2.0] AndroidManifest.xml:29:13-31:52
82                android:name="androidx.emoji2.text.EmojiCompatInitializer"
82-->[androidx.emoji2:emoji2:1.2.0] AndroidManifest.xml:30:17-75
83                android:value="androidx.startup" />
83-->[androidx.emoji2:emoji2:1.2.0] AndroidManifest.xml:31:17-49
84            <meta-data
84-->[androidx.lifecycle:lifecycle-process:2.4.1] AndroidManifest.xml:31:13-33:52
85                android:name="androidx.lifecycle.ProcessLifecycleInitializer"
85-->[androidx.lifecycle:lifecycle-process:2.4.1] AndroidManifest.xml:32:17-78
86                android:value="androidx.startup" />
86-->[androidx.lifecycle:lifecycle-process:2.4.1] AndroidManifest.xml:33:17-49
87        </provider>
88    </application>
89
90</manifest>